<?xml version="1.0" encoding="UTF-8"?>
<!-- Generated by org.testng.reporters.JUnitReportReporter -->
<testsuite hostname="NODE1005" name="com.testsuite.BondBrandLoyaltyTestSuite" tests="1" failures="0" timestamp="12 Aug 2021 10:38:08 GMT" time="35.128" errors="0">
  <testcase name="testCalculationsInCartPage" time="35.128" classname="com.testsuite.BondBrandLoyaltyTestSuite"/>
</testsuite> <!-- com.testsuite.BondBrandLoyaltyTestSuite -->
